
*** Running vivado
    with args -log TrafficLight_Top.vds -m64 -product Vivado -mode batch -messageDb vivado.pb -notrace -source TrafficLight_Top.tcl



****** Vivado v2024.2 (64-bit)
  **** SW Build 5239630 on Fri Nov 08 22:35:27 MST 2024
  **** IP Build 5239520 on Sun Nov 10 16:12:51 MST 2024
  **** SharedData Build 5239561 on Fri Nov 08 14:39:27 MST 2024
  **** Start of session at: Sat Jan 11 23:21:19 2025
    ** Copyright 1986-2022 Xilinx, Inc. All Rights Reserved.
    ** Copyright 2022-2024 Advanced Micro Devices, Inc. All Rights Reserved.

source TrafficLight_Top.tcl -notrace
Command: read_checkpoint -auto_incremental -incremental C:/Github/Vivado_Projects/Traffic_Lights/Traffic_Lights.srcs/utils_1/imports/synth_1/Counter_15to0.dcp
INFO: [Vivado 12-5825] Read reference checkpoint from C:/Github/Vivado_Projects/Traffic_Lights/Traffic_Lights.srcs/utils_1/imports/synth_1/Counter_15to0.dcp for incremental synthesis
INFO: [Vivado 12-7989] Please ensure there are no constraint changes
Command: synth_design -top TrafficLight_Top -part xc7z010clg400-1
Starting synth_design
Attempting to get a license for feature 'Synthesis' and/or device 'xc7z010'
INFO: [Common 17-349] Got license for feature 'Synthesis' and/or device 'xc7z010'
INFO: [Device 21-403] Loading part xc7z010clg400-1
INFO: [Designutils 20-5440] No compile time benefit to using incremental synthesis; A full resynthesis will be run
INFO: [Designutils 20-4379] Flow is switching to default flow due to incremental criteria not met. If you would like to alter this behaviour and have the flow terminate instead, please set the following parameter config_implementation {autoIncr.Synth.RejectBehavior Terminate}
INFO: [Synth 8-7079] Multithreading enabled for synth_design using a maximum of 2 processes.
INFO: [Synth 8-7078] Launching helper process for spawning children vivado processes
INFO: [Synth 8-7075] Helper process launched with PID 1464
---------------------------------------------------------------------------------
Starting RTL Elaboration : Time (s): cpu = 00:00:04 ; elapsed = 00:00:04 . Memory (MB): peak = 1051.195 ; gain = 468.832
---------------------------------------------------------------------------------
WARNING: [Synth 8-10714] extra semicolon is not allowed here in this dialect; use SystemVerilog mode instead [C:/Github/Vivado_Projects/Traffic_Lights/Traffic_Lights.srcs/sources_1/new/MUX_4Input_4Bit.v:46]
INFO: [Synth 8-6157] synthesizing module 'TrafficLight_Top' [C:/Github/Vivado_Projects/Traffic_Lights/Traffic_Lights.srcs/sources_1/new/TrafficLight_Top.v:23]
INFO: [Synth 8-6157] synthesizing module 'FSM_Kernel' [C:/Github/Vivado_Projects/Traffic_Lights/Traffic_Lights.srcs/sources_1/new/FSM_Kernel.v:23]
INFO: [Synth 8-6155] done synthesizing module 'FSM_Kernel' (0#1) [C:/Github/Vivado_Projects/Traffic_Lights/Traffic_Lights.srcs/sources_1/new/FSM_Kernel.v:23]
INFO: [Synth 8-6157] synthesizing module 'MUX_4Input_4Bit' [C:/Github/Vivado_Projects/Traffic_Lights/Traffic_Lights.srcs/sources_1/new/MUX_4Input_4Bit.v:23]
WARNING: [Synth 8-4446] all outputs are unconnected for this instance and logic may be removed [C:/Github/Vivado_Projects/Traffic_Lights/Traffic_Lights.srcs/sources_1/new/MUX_4Input_4Bit.v:37]
INFO: [Synth 8-6157] synthesizing module 'MUX_4Input_1Bit' [C:/Github/Vivado_Projects/Traffic_Lights/Traffic_Lights.srcs/sources_1/new/MUX_4Input_1Bit.v:23]
WARNING: [Synth 8-6104] Input port 'Out_Val' has an internal driver [C:/Github/Vivado_Projects/Traffic_Lights/Traffic_Lights.srcs/sources_1/new/MUX_4Input_1Bit.v:42]
INFO: [Synth 8-6155] done synthesizing module 'MUX_4Input_1Bit' (0#1) [C:/Github/Vivado_Projects/Traffic_Lights/Traffic_Lights.srcs/sources_1/new/MUX_4Input_1Bit.v:23]
WARNING: [Synth 8-4446] all outputs are unconnected for this instance and logic may be removed [C:/Github/Vivado_Projects/Traffic_Lights/Traffic_Lights.srcs/sources_1/new/MUX_4Input_4Bit.v:37]
WARNING: [Synth 8-4446] all outputs are unconnected for this instance and logic may be removed [C:/Github/Vivado_Projects/Traffic_Lights/Traffic_Lights.srcs/sources_1/new/MUX_4Input_4Bit.v:37]
WARNING: [Synth 8-4446] all outputs are unconnected for this instance and logic may be removed [C:/Github/Vivado_Projects/Traffic_Lights/Traffic_Lights.srcs/sources_1/new/MUX_4Input_4Bit.v:37]
INFO: [Synth 8-6155] done synthesizing module 'MUX_4Input_4Bit' (0#1) [C:/Github/Vivado_Projects/Traffic_Lights/Traffic_Lights.srcs/sources_1/new/MUX_4Input_4Bit.v:23]
INFO: [Synth 8-6157] synthesizing module 'Comparator_NBit' [C:/Github/Vivado_Projects/Traffic_Lights/Traffic_Lights.srcs/sources_1/new/Comparator_NBit.v:23]
	Parameter WIDTH bound to: 4 - type: integer 
INFO: [Synth 8-6155] done synthesizing module 'Comparator_NBit' (0#1) [C:/Github/Vivado_Projects/Traffic_Lights/Traffic_Lights.srcs/sources_1/new/Comparator_NBit.v:23]
INFO: [Synth 8-6157] synthesizing module 'Counter_15to0' [C:/Github/Vivado_Projects/Traffic_Lights/Traffic_Lights.srcs/sources_1/new/Counter_15to0.v:23]
INFO: [Synth 8-6157] synthesizing module 'DFF_ER' [C:/Github/Vivado_Projects/Traffic_Lights/Traffic_Lights.srcs/sources_1/new/DFF_ER.v:23]
INFO: [Synth 8-6155] done synthesizing module 'DFF_ER' (0#1) [C:/Github/Vivado_Projects/Traffic_Lights/Traffic_Lights.srcs/sources_1/new/DFF_ER.v:23]
WARNING: [Synth 8-7071] port 'Q_Prime' of module 'DFF_ER' is unconnected for instance 'FF_Inst' [C:/Github/Vivado_Projects/Traffic_Lights/Traffic_Lights.srcs/sources_1/new/Counter_15to0.v:44]
WARNING: [Synth 8-7023] instance 'FF_Inst' of module 'DFF_ER' has 6 connections declared, but only 5 given [C:/Github/Vivado_Projects/Traffic_Lights/Traffic_Lights.srcs/sources_1/new/Counter_15to0.v:44]
WARNING: [Synth 8-7071] port 'Q_Prime' of module 'DFF_ER' is unconnected for instance 'FF_Inst' [C:/Github/Vivado_Projects/Traffic_Lights/Traffic_Lights.srcs/sources_1/new/Counter_15to0.v:44]
WARNING: [Synth 8-7023] instance 'FF_Inst' of module 'DFF_ER' has 6 connections declared, but only 5 given [C:/Github/Vivado_Projects/Traffic_Lights/Traffic_Lights.srcs/sources_1/new/Counter_15to0.v:44]
WARNING: [Synth 8-7071] port 'Q_Prime' of module 'DFF_ER' is unconnected for instance 'FF_Inst' [C:/Github/Vivado_Projects/Traffic_Lights/Traffic_Lights.srcs/sources_1/new/Counter_15to0.v:44]
WARNING: [Synth 8-7023] instance 'FF_Inst' of module 'DFF_ER' has 6 connections declared, but only 5 given [C:/Github/Vivado_Projects/Traffic_Lights/Traffic_Lights.srcs/sources_1/new/Counter_15to0.v:44]
WARNING: [Synth 8-7071] port 'Q_Prime' of module 'DFF_ER' is unconnected for instance 'FF_Inst' [C:/Github/Vivado_Projects/Traffic_Lights/Traffic_Lights.srcs/sources_1/new/Counter_15to0.v:44]
WARNING: [Synth 8-7023] instance 'FF_Inst' of module 'DFF_ER' has 6 connections declared, but only 5 given [C:/Github/Vivado_Projects/Traffic_Lights/Traffic_Lights.srcs/sources_1/new/Counter_15to0.v:44]
INFO: [Synth 8-6155] done synthesizing module 'Counter_15to0' (0#1) [C:/Github/Vivado_Projects/Traffic_Lights/Traffic_Lights.srcs/sources_1/new/Counter_15to0.v:23]
INFO: [Synth 8-6157] synthesizing module 'clk_div' [C:/Github/Vivado_Projects/Traffic_Lights/Traffic_Lights.srcs/sources_1/new/clk_div.v:23]
	Parameter DIVISOR bound to: 62500000 - type: integer 
INFO: [Synth 8-6155] done synthesizing module 'clk_div' (0#1) [C:/Github/Vivado_Projects/Traffic_Lights/Traffic_Lights.srcs/sources_1/new/clk_div.v:23]
INFO: [Synth 8-6155] done synthesizing module 'TrafficLight_Top' (0#1) [C:/Github/Vivado_Projects/Traffic_Lights/Traffic_Lights.srcs/sources_1/new/TrafficLight_Top.v:23]
WARNING: [Synth 8-3848] Net int_out in module/entity MUX_4Input_4Bit does not have driver. [C:/Github/Vivado_Projects/Traffic_Lights/Traffic_Lights.srcs/sources_1/new/MUX_4Input_4Bit.v:32]
---------------------------------------------------------------------------------
Finished RTL Elaboration : Time (s): cpu = 00:00:05 ; elapsed = 00:00:05 . Memory (MB): peak = 1158.523 ; gain = 576.160
---------------------------------------------------------------------------------
---------------------------------------------------------------------------------
Start Handling Custom Attributes
---------------------------------------------------------------------------------
---------------------------------------------------------------------------------
Finished Handling Custom Attributes : Time (s): cpu = 00:00:05 ; elapsed = 00:00:05 . Memory (MB): peak = 1158.523 ; gain = 576.160
---------------------------------------------------------------------------------
---------------------------------------------------------------------------------
Finished RTL Optimization Phase 1 : Time (s): cpu = 00:00:05 ; elapsed = 00:00:05 . Memory (MB): peak = 1158.523 ; gain = 576.160
---------------------------------------------------------------------------------
Netlist sorting complete. Time (s): cpu = 00:00:00 ; elapsed = 00:00:00.003 . Memory (MB): peak = 1158.523 ; gain = 0.000
INFO: [Project 1-570] Preparing netlist for logic optimization

Processing XDC Constraints
Initializing timing engine
Parsing XDC File [C:/Github/Vivado_Projects/Traffic_Lights/Traffic_Lights.srcs/constrs_1/new/Const_F.xdc]
Finished Parsing XDC File [C:/Github/Vivado_Projects/Traffic_Lights/Traffic_Lights.srcs/constrs_1/new/Const_F.xdc]
INFO: [Project 1-236] Implementation specific constraints were found while reading constraint file [C:/Github/Vivado_Projects/Traffic_Lights/Traffic_Lights.srcs/constrs_1/new/Const_F.xdc]. These constraints will be ignored for synthesis but will be used in implementation. Impacted constraints are listed in the file [.Xil/TrafficLight_Top_propImpl.xdc].
Resolution: To avoid this warning, move constraints listed in [.Xil/TrafficLight_Top_propImpl.xdc] to another XDC file and exclude this new file from synthesis with the used_in_synthesis property (File Properties dialog in GUI) and re-run elaboration/synthesis.
Completed Processing XDC Constraints

Netlist sorting complete. Time (s): cpu = 00:00:00 ; elapsed = 00:00:00 . Memory (MB): peak = 1250.051 ; gain = 0.000
INFO: [Project 1-111] Unisim Transformation Summary:
No Unisim elements were transformed.

Constraint Validation Runtime : Time (s): cpu = 00:00:00 ; elapsed = 00:00:00.002 . Memory (MB): peak = 1250.051 ; gain = 0.000
INFO: [Designutils 20-5440] No compile time benefit to using incremental synthesis; A full resynthesis will be run
INFO: [Designutils 20-4379] Flow is switching to default flow due to incremental criteria not met. If you would like to alter this behaviour and have the flow terminate instead, please set the following parameter config_implementation {autoIncr.Synth.RejectBehavior Terminate}
---------------------------------------------------------------------------------
Finished Constraint Validation : Time (s): cpu = 00:00:11 ; elapsed = 00:00:11 . Memory (MB): peak = 1250.051 ; gain = 667.688
---------------------------------------------------------------------------------
---------------------------------------------------------------------------------
Start Loading Part and Timing Information
---------------------------------------------------------------------------------
Loading part: xc7z010clg400-1
---------------------------------------------------------------------------------
Finished Loading Part and Timing Information : Time (s): cpu = 00:00:11 ; elapsed = 00:00:11 . Memory (MB): peak = 1250.051 ; gain = 667.688
---------------------------------------------------------------------------------
---------------------------------------------------------------------------------
Start Applying 'set_property' XDC Constraints
---------------------------------------------------------------------------------
---------------------------------------------------------------------------------
Finished applying 'set_property' XDC Constraints : Time (s): cpu = 00:00:11 ; elapsed = 00:00:11 . Memory (MB): peak = 1250.051 ; gain = 667.688
---------------------------------------------------------------------------------
INFO: [Synth 8-802] inferred FSM for state register 'state_reg' in module 'FSM_Kernel'
---------------------------------------------------------------------------------------------------
                   State |                     New Encoding |                Previous Encoding 
---------------------------------------------------------------------------------------------------
                  iSTATE |                               00 |                               01
                 iSTATE0 |                               01 |                               11
                 iSTATE1 |                               10 |                               10
*
                 iSTATE2 |                               11 |                               00
---------------------------------------------------------------------------------------------------
INFO: [Synth 8-3354] encoded FSM with state register 'state_reg' using encoding 'sequential' in module 'FSM_Kernel'
---------------------------------------------------------------------------------
Finished RTL Optimization Phase 2 : Time (s): cpu = 00:00:11 ; elapsed = 00:00:11 . Memory (MB): peak = 1250.051 ; gain = 667.688
---------------------------------------------------------------------------------
---------------------------------------------------------------------------------
Start RTL Component Statistics 
---------------------------------------------------------------------------------
Detailed RTL Component Info : 
+---Adders : 
	   2 Input   32 Bit       Adders := 1     
+---XORs : 
	   2 Input      4 Bit         XORs := 1     
+---Registers : 
	               32 Bit    Registers := 1     
	                3 Bit    Registers := 2     
	                2 Bit    Registers := 2     
	                1 Bit    Registers := 17    
+---Muxes : 
	   4 Input    3 Bit        Muxes := 1     
	   3 Input    3 Bit        Muxes := 2     
	   2 Input    3 Bit        Muxes := 3     
	   3 Input    2 Bit        Muxes := 3     
	   2 Input    2 Bit        Muxes := 5     
	   4 Input    1 Bit        Muxes := 2     
	   2 Input    1 Bit        Muxes := 2     
---------------------------------------------------------------------------------
Finished RTL Component Statistics 
---------------------------------------------------------------------------------
---------------------------------------------------------------------------------
Start Part Resource Summary
---------------------------------------------------------------------------------
Part Resources:
DSPs: 80 (col length:40)
BRAMs: 120 (col length: RAMB18 40 RAMB36 20)
---------------------------------------------------------------------------------
Finished Part Resource Summary
---------------------------------------------------------------------------------
---------------------------------------------------------------------------------
Start Cross Boundary and Area Optimization
---------------------------------------------------------------------------------
WARNING: [Synth 8-7080] Parallel synthesis criteria is not met
---------------------------------------------------------------------------------
Finished Cross Boundary and Area Optimization : Time (s): cpu = 00:00:13 ; elapsed = 00:00:13 . Memory (MB): peak = 1250.051 ; gain = 667.688
---------------------------------------------------------------------------------
---------------------------------------------------------------------------------
Start Applying XDC Timing Constraints
---------------------------------------------------------------------------------
---------------------------------------------------------------------------------
Finished Applying XDC Timing Constraints : Time (s): cpu = 00:00:17 ; elapsed = 00:00:17 . Memory (MB): peak = 1351.934 ; gain = 769.570
---------------------------------------------------------------------------------
---------------------------------------------------------------------------------
Start Timing Optimization
---------------------------------------------------------------------------------
---------------------------------------------------------------------------------
Finished Timing Optimization : Time (s): cpu = 00:00:17 ; elapsed = 00:00:17 . Memory (MB): peak = 1372.000 ; gain = 789.637
---------------------------------------------------------------------------------
---------------------------------------------------------------------------------
Start Technology Mapping
---------------------------------------------------------------------------------
---------------------------------------------------------------------------------
Finished Technology Mapping : Time (s): cpu = 00:00:17 ; elapsed = 00:00:17 . Memory (MB): peak = 1381.809 ; gain = 799.445
---------------------------------------------------------------------------------
---------------------------------------------------------------------------------
Start IO Insertion
---------------------------------------------------------------------------------
---------------------------------------------------------------------------------
Start Flattening Before IO Insertion
---------------------------------------------------------------------------------
---------------------------------------------------------------------------------
Finished Flattening Before IO Insertion
---------------------------------------------------------------------------------
---------------------------------------------------------------------------------
Start Final Netlist Cleanup
---------------------------------------------------------------------------------
---------------------------------------------------------------------------------
Finished Final Netlist Cleanup
---------------------------------------------------------------------------------
---------------------------------------------------------------------------------
Finished IO Insertion : Time (s): cpu = 00:00:20 ; elapsed = 00:00:20 . Memory (MB): peak = 1577.973 ; gain = 995.609
---------------------------------------------------------------------------------
---------------------------------------------------------------------------------
Start Renaming Generated Instances
---------------------------------------------------------------------------------
---------------------------------------------------------------------------------
Finished Renaming Generated Instances : Time (s): cpu = 00:00:20 ; elapsed = 00:00:20 . Memory (MB): peak = 1577.973 ; gain = 995.609
---------------------------------------------------------------------------------
---------------------------------------------------------------------------------
Start Rebuilding User Hierarchy
---------------------------------------------------------------------------------
---------------------------------------------------------------------------------
Finished Rebuilding User Hierarchy : Time (s): cpu = 00:00:20 ; elapsed = 00:00:20 . Memory (MB): peak = 1577.973 ; gain = 995.609
---------------------------------------------------------------------------------
---------------------------------------------------------------------------------
Start Renaming Generated Ports
---------------------------------------------------------------------------------
---------------------------------------------------------------------------------
Finished Renaming Generated Ports : Time (s): cpu = 00:00:20 ; elapsed = 00:00:20 . Memory (MB): peak = 1577.973 ; gain = 995.609
---------------------------------------------------------------------------------
---------------------------------------------------------------------------------
Start Handling Custom Attributes
---------------------------------------------------------------------------------
---------------------------------------------------------------------------------
Finished Handling Custom Attributes : Time (s): cpu = 00:00:20 ; elapsed = 00:00:20 . Memory (MB): peak = 1577.973 ; gain = 995.609
---------------------------------------------------------------------------------
---------------------------------------------------------------------------------
Start Renaming Generated Nets
---------------------------------------------------------------------------------
---------------------------------------------------------------------------------
Finished Renaming Generated Nets : Time (s): cpu = 00:00:20 ; elapsed = 00:00:20 . Memory (MB): peak = 1577.973 ; gain = 995.609
---------------------------------------------------------------------------------
---------------------------------------------------------------------------------
Start Writing Synthesis Report
---------------------------------------------------------------------------------

Report BlackBoxes: 
+-+--------------+----------+
| |BlackBox name |Instances |
+-+--------------+----------+
+-+--------------+----------+

Report Cell Usage: 
+------+-------+------+
|      |Cell   |Count |
+------+-------+------+
|1     |BUFG   |     1|
|2     |CARRY4 |     8|
|3     |LUT1   |    33|
|4     |LUT2   |    10|
|5     |LUT3   |     2|
|6     |LUT4   |     8|
|7     |LUT5   |     5|
|8     |LUT6   |    25|
|9     |FDCE   |    14|
|10    |FDRE   |    30|
|11    |FDSE   |    15|
|12    |IBUF   |     3|
|13    |OBUF   |     6|
+------+-------+------+
---------------------------------------------------------------------------------
Finished Writing Synthesis Report : Time (s): cpu = 00:00:20 ; elapsed = 00:00:20 . Memory (MB): peak = 1577.973 ; gain = 995.609
---------------------------------------------------------------------------------
Synthesis finished with 0 errors, 0 critical warnings and 1 warnings.
Synthesis Optimization Runtime : Time (s): cpu = 00:00:14 ; elapsed = 00:00:19 . Memory (MB): peak = 1577.973 ; gain = 904.082
Synthesis Optimization Complete : Time (s): cpu = 00:00:20 ; elapsed = 00:00:21 . Memory (MB): peak = 1577.973 ; gain = 995.609
INFO: [Project 1-571] Translating synthesized netlist
Netlist sorting complete. Time (s): cpu = 00:00:00 ; elapsed = 00:00:00.001 . Memory (MB): peak = 1587.082 ; gain = 0.000
INFO: [Netlist 29-17] Analyzing 8 Unisim elements for replacement
INFO: [Netlist 29-28] Unisim Transformation completed in 0 CPU seconds
INFO: [Project 1-570] Preparing netlist for logic optimization
INFO: [Opt 31-138] Pushed 0 inverter(s) to 0 load pin(s).
Netlist sorting complete. Time (s): cpu = 00:00:00 ; elapsed = 00:00:00 . Memory (MB): peak = 1590.781 ; gain = 0.000
INFO: [Project 1-111] Unisim Transformation Summary:
No Unisim elements were transformed.

Synth Design complete | Checksum: 63709cf2
INFO: [Common 17-83] Releasing license: Synthesis
39 Infos, 16 Warnings, 0 Critical Warnings and 0 Errors encountered.
synth_design completed successfully
synth_design: Time (s): cpu = 00:00:23 ; elapsed = 00:00:25 . Memory (MB): peak = 1590.781 ; gain = 1221.773
Write ShapeDB Complete: Time (s): cpu = 00:00:00 ; elapsed = 00:00:00.001 . Memory (MB): peak = 1590.781 ; gain = 0.000
INFO: [Common 17-1381] The checkpoint 'C:/Github/Vivado_Projects/Traffic_Lights/Traffic_Lights.runs/synth_1/TrafficLight_Top.dcp' has been generated.
INFO: [Vivado 12-24828] Executing command : report_utilization -file TrafficLight_Top_utilization_synth.rpt -pb TrafficLight_Top_utilization_synth.pb
INFO: [Common 17-206] Exiting Vivado at Sat Jan 11 23:21:47 2025...
